2024-04-22 13:25:20,191 DEBUG    root            Loaded Command Group: ['gcloud', 'components']
2024-04-22 13:25:20,193 DEBUG    root            Loaded Command Group: ['gcloud', 'components', 'update']
2024-04-22 13:25:20,195 DEBUG    root            Running [gcloud.components.update] with arguments: [--quiet: "True", COMPONENT-IDS:8: "['gcloud', 'core', 'bq', 'gsutil', 'compute', 'preview', 'alpha', 'beta']"]
2024-04-22 13:25:20,196 INFO     ___FILE_ONLY___ Beginning update. This process may take several minutes.

2024-04-22 13:25:20,203 DEBUG    urllib3.connectionpool Starting new HTTPS connection (1): dl.google.com:443
2024-04-22 13:25:20,263 DEBUG    urllib3.connectionpool https://dl.google.com:443 "GET /dl/cloudsdk/channels/rapid/components-2.json HTTP/1.1" 200 222653
2024-04-22 13:25:20,281 WARNING  root            Component [preview] no longer exists.
2024-04-22 13:25:20,282 WARNING  root            Component [compute] no longer exists.
2024-04-22 13:25:20,283 INFO     ___FILE_ONLY___ 

2024-04-22 13:25:20,283 INFO     ___FILE_ONLY___ 
Your current Google Cloud CLI version is: 472.0.0

2024-04-22 13:25:20,283 INFO     ___FILE_ONLY___ Installing components from version: 472.0.0

2024-04-22 13:25:20,283 INFO     ___FILE_ONLY___ 

2024-04-22 13:25:20,284 DEBUG    root            Chosen display Format:table[box,title="These components will be removed."](details.display_name:label=Name:align=left,version.version_string:label=Version:align=right,data.size.size(zero="",min=1048576):label=Size:align=right)
2024-04-22 13:25:20,285 DEBUG    root            Chosen display Format:table[box,title="These components will be updated."](details.display_name:label=Name:align=left,version.version_string:label=Version:align=right,data.size.size(zero="",min=1048576):label=Size:align=right)
2024-04-22 13:25:20,285 DEBUG    root            Chosen display Format:table[box,title="These components will be installed."](details.display_name:label=Name:align=left,version.version_string:label=Version:align=right,data.size.size(zero="",min=1048576):label=Size:align=right)
2024-04-22 13:25:20,321 INFO     ___FILE_ONLY___ ┌──────────────────────────────────────────────┐
2024-04-22 13:25:20,321 INFO     ___FILE_ONLY___ 

2024-04-22 13:25:20,322 INFO     ___FILE_ONLY___ │     These components will be installed.      │
2024-04-22 13:25:20,322 INFO     ___FILE_ONLY___ 

2024-04-22 13:25:20,322 INFO     ___FILE_ONLY___ ├───────────────────────┬────────────┬─────────┤
2024-04-22 13:25:20,322 INFO     ___FILE_ONLY___ 

2024-04-22 13:25:20,322 INFO     ___FILE_ONLY___ │          Name         │  Version   │   Size  │
2024-04-22 13:25:20,322 INFO     ___FILE_ONLY___ 

2024-04-22 13:25:20,322 INFO     ___FILE_ONLY___ ├───────────────────────┼────────────┼─────────┤
2024-04-22 13:25:20,322 INFO     ___FILE_ONLY___ 

2024-04-22 13:25:20,322 INFO     ___FILE_ONLY___ │ 
2024-04-22 13:25:20,322 INFO     ___FILE_ONLY___ gcloud Alpha Commands
2024-04-22 13:25:20,322 INFO     ___FILE_ONLY___  
2024-04-22 13:25:20,322 INFO     ___FILE_ONLY___ │ 
2024-04-22 13:25:20,322 INFO     ___FILE_ONLY___ 2024.04.12
2024-04-22 13:25:20,322 INFO     ___FILE_ONLY___  
2024-04-22 13:25:20,323 INFO     ___FILE_ONLY___ │ 
2024-04-22 13:25:20,323 INFO     ___FILE_ONLY___ < 1 MiB
2024-04-22 13:25:20,323 INFO     ___FILE_ONLY___  
2024-04-22 13:25:20,323 INFO     ___FILE_ONLY___ │
2024-04-22 13:25:20,323 INFO     ___FILE_ONLY___ 

2024-04-22 13:25:20,323 INFO     ___FILE_ONLY___ │ 
2024-04-22 13:25:20,323 INFO     ___FILE_ONLY___ gcloud Beta Commands 
2024-04-22 13:25:20,323 INFO     ___FILE_ONLY___  
2024-04-22 13:25:20,323 INFO     ___FILE_ONLY___ │ 
2024-04-22 13:25:20,323 INFO     ___FILE_ONLY___ 2024.04.12
2024-04-22 13:25:20,323 INFO     ___FILE_ONLY___  
2024-04-22 13:25:20,323 INFO     ___FILE_ONLY___ │ 
2024-04-22 13:25:20,323 INFO     ___FILE_ONLY___ < 1 MiB
2024-04-22 13:25:20,323 INFO     ___FILE_ONLY___  
2024-04-22 13:25:20,323 INFO     ___FILE_ONLY___ │
2024-04-22 13:25:20,324 INFO     ___FILE_ONLY___ 

2024-04-22 13:25:20,324 INFO     ___FILE_ONLY___ └───────────────────────┴────────────┴─────────┘
2024-04-22 13:25:20,324 INFO     ___FILE_ONLY___ 

2024-04-22 13:25:20,324 INFO     ___FILE_ONLY___ 

2024-04-22 13:25:20,328 DEBUG    urllib3.connectionpool Starting new HTTPS connection (1): dl.google.com:443
2024-04-22 13:25:20,385 DEBUG    urllib3.connectionpool https://dl.google.com:443 "GET /dl/cloudsdk/channels/rapid/RELEASE_NOTES HTTP/1.1" 200 1191934
2024-04-22 13:25:20,453 INFO     ___FILE_ONLY___ For the latest full release notes, please visit:
  https://cloud.google.com/sdk/release_notes


2024-04-22 13:25:20,455 INFO     ___FILE_ONLY___ ╔════════════════════════════════════════════════════════════╗

2024-04-22 13:25:20,455 INFO     ___FILE_ONLY___ ╠═ Creating update staging area                             ═╣

2024-04-22 13:25:20,456 INFO     ___FILE_ONLY___ ╚
2024-04-22 13:25:20,456 INFO     ___FILE_ONLY___ ══════
2024-04-22 13:25:21,153 INFO     ___FILE_ONLY___ ══════
2024-04-22 13:25:21,154 INFO     ___FILE_ONLY___ ══════
2024-04-22 13:25:21,595 INFO     ___FILE_ONLY___ ═
2024-04-22 13:25:21,833 INFO     ___FILE_ONLY___ ═
2024-04-22 13:25:21,886 INFO     ___FILE_ONLY___ ═
2024-04-22 13:25:21,937 INFO     ___FILE_ONLY___ ═
2024-04-22 13:25:21,981 INFO     ___FILE_ONLY___ ═
2024-04-22 13:25:22,023 INFO     ___FILE_ONLY___ ═
2024-04-22 13:25:22,065 INFO     ___FILE_ONLY___ ═
2024-04-22 13:25:22,108 INFO     ___FILE_ONLY___ ═
2024-04-22 13:25:22,180 INFO     ___FILE_ONLY___ ═
2024-04-22 13:25:22,300 INFO     ___FILE_ONLY___ ═
2024-04-22 13:25:22,458 INFO     ___FILE_ONLY___ ═
2024-04-22 13:25:22,542 INFO     ___FILE_ONLY___ ═
2024-04-22 13:25:22,621 INFO     ___FILE_ONLY___ ═
2024-04-22 13:25:22,735 INFO     ___FILE_ONLY___ ═
2024-04-22 13:25:22,807 INFO     ___FILE_ONLY___ ═
2024-04-22 13:25:22,873 INFO     ___FILE_ONLY___ ═
2024-04-22 13:25:22,932 INFO     ___FILE_ONLY___ ═
2024-04-22 13:25:22,995 INFO     ___FILE_ONLY___ ═
2024-04-22 13:25:23,047 INFO     ___FILE_ONLY___ ═
2024-04-22 13:25:23,107 INFO     ___FILE_ONLY___ ═
2024-04-22 13:25:23,171 INFO     ___FILE_ONLY___ ═
2024-04-22 13:25:23,222 INFO     ___FILE_ONLY___ ═
2024-04-22 13:25:23,315 INFO     ___FILE_ONLY___ ═
2024-04-22 13:25:23,382 INFO     ___FILE_ONLY___ ═
2024-04-22 13:25:23,444 INFO     ___FILE_ONLY___ ═
2024-04-22 13:25:23,500 INFO     ___FILE_ONLY___ ═
2024-04-22 13:25:23,557 INFO     ___FILE_ONLY___ ═
2024-04-22 13:25:23,634 INFO     ___FILE_ONLY___ ═
2024-04-22 13:25:23,700 INFO     ___FILE_ONLY___ ═
2024-04-22 13:25:23,766 INFO     ___FILE_ONLY___ ═
2024-04-22 13:25:23,843 INFO     ___FILE_ONLY___ ═
2024-04-22 13:25:23,927 INFO     ___FILE_ONLY___ ═
2024-04-22 13:25:24,016 INFO     ___FILE_ONLY___ ═
2024-04-22 13:25:24,128 INFO     ___FILE_ONLY___ ═
2024-04-22 13:25:24,208 INFO     ___FILE_ONLY___ ═
2024-04-22 13:25:24,296 INFO     ___FILE_ONLY___ ═
2024-04-22 13:25:24,383 INFO     ___FILE_ONLY___ ═
2024-04-22 13:25:24,470 INFO     ___FILE_ONLY___ ═
2024-04-22 13:25:24,526 INFO     ___FILE_ONLY___ ═
2024-04-22 13:25:24,595 INFO     ___FILE_ONLY___ ═
2024-04-22 13:25:24,648 INFO     ___FILE_ONLY___ ═
2024-04-22 13:25:24,710 INFO     ___FILE_ONLY___ ═
2024-04-22 13:25:24,710 INFO     ___FILE_ONLY___ ╝

2024-04-22 13:25:28,655 INFO     ___FILE_ONLY___ ╔════════════════════════════════════════════════════════════╗

2024-04-22 13:25:28,656 INFO     ___FILE_ONLY___ ╠═ Installing: gcloud Alpha Commands                        ═╣

2024-04-22 13:25:28,656 INFO     ___FILE_ONLY___ ╚
2024-04-22 13:25:28,659 DEBUG    urllib3.connectionpool Starting new HTTPS connection (1): dl.google.com:443
2024-04-22 13:25:28,715 DEBUG    urllib3.connectionpool https://dl.google.com:443 "GET /dl/cloudsdk/channels/rapid/components/google-cloud-sdk-alpha-20240412130805.tar.gz HTTP/1.1" 200 800
2024-04-22 13:25:28,716 INFO     ___FILE_ONLY___ ══════════════════════════════
2024-04-22 13:25:28,717 INFO     ___FILE_ONLY___ ══════════════════════════════
2024-04-22 13:25:28,717 INFO     ___FILE_ONLY___ ╝

2024-04-22 13:25:28,725 INFO     ___FILE_ONLY___ ╔════════════════════════════════════════════════════════════╗

2024-04-22 13:25:28,725 INFO     ___FILE_ONLY___ ╠═ Installing: gcloud Beta Commands                         ═╣

2024-04-22 13:25:28,725 INFO     ___FILE_ONLY___ ╚
2024-04-22 13:25:28,729 DEBUG    urllib3.connectionpool Starting new HTTPS connection (1): dl.google.com:443
2024-04-22 13:25:28,783 DEBUG    urllib3.connectionpool https://dl.google.com:443 "GET /dl/cloudsdk/channels/rapid/components/google-cloud-sdk-beta-20240412130805.tar.gz HTTP/1.1" 200 797
2024-04-22 13:25:28,783 INFO     ___FILE_ONLY___ ══════════════════════════════
2024-04-22 13:25:28,784 INFO     ___FILE_ONLY___ ══════════════════════════════
2024-04-22 13:25:28,784 INFO     ___FILE_ONLY___ ╝

2024-04-22 13:25:28,794 INFO     ___FILE_ONLY___ ╔════════════════════════════════════════════════════════════╗

2024-04-22 13:25:28,794 INFO     ___FILE_ONLY___ ╠═ Creating backup and activating new installation          ═╣

2024-04-22 13:25:28,794 INFO     ___FILE_ONLY___ ╚
2024-04-22 13:25:28,794 DEBUG    root            Attempting to move directory [/tools/google-cloud-sdk] to [/tools/google-cloud-sdk.staging/.install/.backup]
2024-04-22 13:25:28,794 INFO     ___FILE_ONLY___ ══════════════════════════════
2024-04-22 13:25:28,794 DEBUG    root            Attempting to move directory [/tools/google-cloud-sdk.staging] to [/tools/google-cloud-sdk]
2024-04-22 13:25:28,794 INFO     ___FILE_ONLY___ ══════════════════════════════
2024-04-22 13:25:28,794 INFO     ___FILE_ONLY___ ╝

2024-04-22 13:25:28,799 DEBUG    root            Updating notification cache...
2024-04-22 13:25:28,799 INFO     ___FILE_ONLY___ 

2024-04-22 13:25:28,801 INFO     ___FILE_ONLY___ Performing post processing steps...
2024-04-22 13:25:28,801 DEBUG    root            Executing command: ['/tools/google-cloud-sdk/bin/gcloud', 'components', 'post-process']
2024-04-22 13:25:39,225 DEBUG    ___FILE_ONLY___ 
2024-04-22 13:25:39,225 DEBUG    ___FILE_ONLY___ 
2024-04-22 13:25:39,317 INFO     ___FILE_ONLY___ 
Update done!


2024-04-22 13:25:39,321 DEBUG    root            Chosen display Format:none
2024-04-22 13:25:39,321 INFO     root            Display format: "none"
