2024-04-22 13:24:56,479 DEBUG    root            Loaded Command Group: ['gcloud', 'components']
2024-04-22 13:24:56,483 DEBUG    root            Loaded Command Group: ['gcloud', 'components', 'update']
2024-04-22 13:24:56,486 DEBUG    root            Running [gcloud.components.update] with arguments: [--allow-no-backup: "True", --compile-python: "True", --quiet: "True", COMPONENT-IDS:7: "['core', 'gcloud-deps', 'bq', 'gcloud', 'gcloud-crc32c', 'gsutil', 'anthoscli']"]
2024-04-22 13:24:56,487 INFO     ___FILE_ONLY___ Beginning update. This process may take several minutes.

2024-04-22 13:24:56,512 DEBUG    urllib3.connectionpool Starting new HTTPS connection (1): dl.google.com:443
2024-04-22 13:24:56,571 DEBUG    urllib3.connectionpool https://dl.google.com:443 "GET /dl/cloudsdk/channels/rapid/components-2.json HTTP/1.1" 200 222653
2024-04-22 13:24:56,591 INFO     ___FILE_ONLY___ 

2024-04-22 13:24:56,591 INFO     ___FILE_ONLY___ 
Your current Google Cloud CLI version is: 472.0.0

2024-04-22 13:24:56,592 INFO     ___FILE_ONLY___ Installing components from version: 472.0.0

2024-04-22 13:24:56,592 INFO     ___FILE_ONLY___ 

2024-04-22 13:24:56,592 DEBUG    root            Chosen display Format:table[box,title="These components will be removed."](details.display_name:label=Name:align=left,version.version_string:label=Version:align=right,data.size.size(zero="",min=1048576):label=Size:align=right)
2024-04-22 13:24:56,593 DEBUG    root            Chosen display Format:table[box,title="These components will be updated."](details.display_name:label=Name:align=left,version.version_string:label=Version:align=right,data.size.size(zero="",min=1048576):label=Size:align=right)
2024-04-22 13:24:56,593 DEBUG    root            Chosen display Format:table[box,title="These components will be installed."](details.display_name:label=Name:align=left,version.version_string:label=Version:align=right,data.size.size(zero="",min=1048576):label=Size:align=right)
2024-04-22 13:24:56,722 INFO     ___FILE_ONLY___ ┌─────────────────────────────────────────────────────────────────────────────┐
2024-04-22 13:24:56,722 INFO     ___FILE_ONLY___ 

2024-04-22 13:24:56,722 INFO     ___FILE_ONLY___ │                     These components will be installed.                     │
2024-04-22 13:24:56,722 INFO     ___FILE_ONLY___ 

2024-04-22 13:24:56,722 INFO     ___FILE_ONLY___ ├─────────────────────────────────────────────────────┬────────────┬──────────┤
2024-04-22 13:24:56,723 INFO     ___FILE_ONLY___ 

2024-04-22 13:24:56,723 INFO     ___FILE_ONLY___ │                         Name                        │  Version   │   Size   │
2024-04-22 13:24:56,723 INFO     ___FILE_ONLY___ 

2024-04-22 13:24:56,723 INFO     ___FILE_ONLY___ ├─────────────────────────────────────────────────────┼────────────┼──────────┤
2024-04-22 13:24:56,723 INFO     ___FILE_ONLY___ 

2024-04-22 13:24:56,723 INFO     ___FILE_ONLY___ │ 
2024-04-22 13:24:56,723 INFO     ___FILE_ONLY___ BigQuery Command Line Tool                         
2024-04-22 13:24:56,723 INFO     ___FILE_ONLY___  
2024-04-22 13:24:56,723 INFO     ___FILE_ONLY___ │ 
2024-04-22 13:24:56,723 INFO     ___FILE_ONLY___      2.1.4
2024-04-22 13:24:56,723 INFO     ___FILE_ONLY___  
2024-04-22 13:24:56,723 INFO     ___FILE_ONLY___ │ 
2024-04-22 13:24:56,723 INFO     ___FILE_ONLY___  1.7 MiB
2024-04-22 13:24:56,723 INFO     ___FILE_ONLY___  
2024-04-22 13:24:56,724 INFO     ___FILE_ONLY___ │
2024-04-22 13:24:56,724 INFO     ___FILE_ONLY___ 

2024-04-22 13:24:56,724 INFO     ___FILE_ONLY___ │ 
2024-04-22 13:24:56,724 INFO     ___FILE_ONLY___ BigQuery Command Line Tool (Platform Specific)     
2024-04-22 13:24:56,724 INFO     ___FILE_ONLY___  
2024-04-22 13:24:56,724 INFO     ___FILE_ONLY___ │ 
2024-04-22 13:24:56,724 INFO     ___FILE_ONLY___    2.0.101
2024-04-22 13:24:56,724 INFO     ___FILE_ONLY___  
2024-04-22 13:24:56,724 INFO     ___FILE_ONLY___ │ 
2024-04-22 13:24:56,724 INFO     ___FILE_ONLY___  < 1 MiB
2024-04-22 13:24:56,724 INFO     ___FILE_ONLY___  
2024-04-22 13:24:56,724 INFO     ___FILE_ONLY___ │
2024-04-22 13:24:56,724 INFO     ___FILE_ONLY___ 

2024-04-22 13:24:56,725 INFO     ___FILE_ONLY___ │ 
2024-04-22 13:24:56,725 INFO     ___FILE_ONLY___ Bundled Python 3.11                                
2024-04-22 13:24:56,725 INFO     ___FILE_ONLY___  
2024-04-22 13:24:56,725 INFO     ___FILE_ONLY___ │ 
2024-04-22 13:24:56,725 INFO     ___FILE_ONLY___     3.11.8
2024-04-22 13:24:56,725 INFO     ___FILE_ONLY___  
2024-04-22 13:24:56,725 INFO     ___FILE_ONLY___ │ 
2024-04-22 13:24:56,725 INFO     ___FILE_ONLY___ 74.9 MiB
2024-04-22 13:24:56,725 INFO     ___FILE_ONLY___  
2024-04-22 13:24:56,725 INFO     ___FILE_ONLY___ │
2024-04-22 13:24:56,725 INFO     ___FILE_ONLY___ 

2024-04-22 13:24:56,725 INFO     ___FILE_ONLY___ │ 
2024-04-22 13:24:56,725 INFO     ___FILE_ONLY___ Cloud Storage Command Line Tool                    
2024-04-22 13:24:56,725 INFO     ___FILE_ONLY___  
2024-04-22 13:24:56,725 INFO     ___FILE_ONLY___ │ 
2024-04-22 13:24:56,726 INFO     ___FILE_ONLY___       5.27
2024-04-22 13:24:56,726 INFO     ___FILE_ONLY___  
2024-04-22 13:24:56,726 INFO     ___FILE_ONLY___ │ 
2024-04-22 13:24:56,726 INFO     ___FILE_ONLY___ 11.3 MiB
2024-04-22 13:24:56,726 INFO     ___FILE_ONLY___  
2024-04-22 13:24:56,726 INFO     ___FILE_ONLY___ │
2024-04-22 13:24:56,726 INFO     ___FILE_ONLY___ 

2024-04-22 13:24:56,726 INFO     ___FILE_ONLY___ │ 
2024-04-22 13:24:56,726 INFO     ___FILE_ONLY___ Cloud Storage Command Line Tool (Platform Specific)
2024-04-22 13:24:56,726 INFO     ___FILE_ONLY___  
2024-04-22 13:24:56,726 INFO     ___FILE_ONLY___ │ 
2024-04-22 13:24:56,726 INFO     ___FILE_ONLY___       5.27
2024-04-22 13:24:56,726 INFO     ___FILE_ONLY___  
2024-04-22 13:24:56,726 INFO     ___FILE_ONLY___ │ 
2024-04-22 13:24:56,727 INFO     ___FILE_ONLY___  < 1 MiB
2024-04-22 13:24:56,727 INFO     ___FILE_ONLY___  
2024-04-22 13:24:56,727 INFO     ___FILE_ONLY___ │
2024-04-22 13:24:56,727 INFO     ___FILE_ONLY___ 

2024-04-22 13:24:56,727 INFO     ___FILE_ONLY___ │ 
2024-04-22 13:24:56,727 INFO     ___FILE_ONLY___ Google Cloud CLI Core Libraries (Platform Specific)
2024-04-22 13:24:56,727 INFO     ___FILE_ONLY___  
2024-04-22 13:24:56,727 INFO     ___FILE_ONLY___ │ 
2024-04-22 13:24:56,727 INFO     ___FILE_ONLY___ 2024.01.06
2024-04-22 13:24:56,727 INFO     ___FILE_ONLY___  
2024-04-22 13:24:56,727 INFO     ___FILE_ONLY___ │ 
2024-04-22 13:24:56,728 INFO     ___FILE_ONLY___  < 1 MiB
2024-04-22 13:24:56,728 INFO     ___FILE_ONLY___  
2024-04-22 13:24:56,728 INFO     ___FILE_ONLY___ │
2024-04-22 13:24:56,728 INFO     ___FILE_ONLY___ 

2024-04-22 13:24:56,728 INFO     ___FILE_ONLY___ │ 
2024-04-22 13:24:56,728 INFO     ___FILE_ONLY___ Google Cloud CRC32C Hash Tool                      
2024-04-22 13:24:56,728 INFO     ___FILE_ONLY___  
2024-04-22 13:24:56,728 INFO     ___FILE_ONLY___ │ 
2024-04-22 13:24:56,728 INFO     ___FILE_ONLY___      1.0.0
2024-04-22 13:24:56,728 INFO     ___FILE_ONLY___  
2024-04-22 13:24:56,728 INFO     ___FILE_ONLY___ │ 
2024-04-22 13:24:56,728 INFO     ___FILE_ONLY___  1.2 MiB
2024-04-22 13:24:56,729 INFO     ___FILE_ONLY___  
2024-04-22 13:24:56,729 INFO     ___FILE_ONLY___ │
2024-04-22 13:24:56,729 INFO     ___FILE_ONLY___ 

2024-04-22 13:24:56,729 INFO     ___FILE_ONLY___ │ 
2024-04-22 13:24:56,729 INFO     ___FILE_ONLY___ anthoscli                                          
2024-04-22 13:24:56,729 INFO     ___FILE_ONLY___  
2024-04-22 13:24:56,729 INFO     ___FILE_ONLY___ │ 
2024-04-22 13:24:56,729 INFO     ___FILE_ONLY___     0.2.48
2024-04-22 13:24:56,729 INFO     ___FILE_ONLY___  
2024-04-22 13:24:56,729 INFO     ___FILE_ONLY___ │ 
2024-04-22 13:24:56,729 INFO     ___FILE_ONLY___ 68.9 MiB
2024-04-22 13:24:56,729 INFO     ___FILE_ONLY___  
2024-04-22 13:24:56,729 INFO     ___FILE_ONLY___ │
2024-04-22 13:24:56,729 INFO     ___FILE_ONLY___ 

2024-04-22 13:24:56,729 INFO     ___FILE_ONLY___ │ 
2024-04-22 13:24:56,730 INFO     ___FILE_ONLY___ gcloud cli dependencies                            
2024-04-22 13:24:56,730 INFO     ___FILE_ONLY___  
2024-04-22 13:24:56,730 INFO     ___FILE_ONLY___ │ 
2024-04-22 13:24:56,730 INFO     ___FILE_ONLY___ 2021.04.16
2024-04-22 13:24:56,730 INFO     ___FILE_ONLY___  
2024-04-22 13:24:56,730 INFO     ___FILE_ONLY___ │ 
2024-04-22 13:24:56,730 INFO     ___FILE_ONLY___  < 1 MiB
2024-04-22 13:24:56,730 INFO     ___FILE_ONLY___  
2024-04-22 13:24:56,730 INFO     ___FILE_ONLY___ │
2024-04-22 13:24:56,730 INFO     ___FILE_ONLY___ 

2024-04-22 13:24:56,730 INFO     ___FILE_ONLY___ └─────────────────────────────────────────────────────┴────────────┴──────────┘
2024-04-22 13:24:56,730 INFO     ___FILE_ONLY___ 

2024-04-22 13:24:56,730 INFO     ___FILE_ONLY___ 

2024-04-22 13:24:56,734 DEBUG    urllib3.connectionpool Starting new HTTPS connection (1): dl.google.com:443
2024-04-22 13:24:56,792 DEBUG    urllib3.connectionpool https://dl.google.com:443 "GET /dl/cloudsdk/channels/rapid/RELEASE_NOTES HTTP/1.1" 200 1191934
2024-04-22 13:24:56,859 INFO     ___FILE_ONLY___ For the latest full release notes, please visit:
  https://cloud.google.com/sdk/release_notes


2024-04-22 13:24:56,861 INFO     ___FILE_ONLY___ ╔════════════════════════════════════════════════════════════╗

2024-04-22 13:24:56,861 INFO     ___FILE_ONLY___ ╠═ Creating update staging area                             ═╣

2024-04-22 13:24:56,861 INFO     ___FILE_ONLY___ ╚
2024-04-22 13:24:56,861 INFO     ___FILE_ONLY___ ══════
2024-04-22 13:24:56,861 INFO     ___FILE_ONLY___ ══════
2024-04-22 13:24:56,861 INFO     ___FILE_ONLY___ ══════
2024-04-22 13:24:57,282 INFO     ___FILE_ONLY___ ═
2024-04-22 13:24:57,338 INFO     ___FILE_ONLY___ ═
2024-04-22 13:24:57,383 INFO     ___FILE_ONLY___ ═
2024-04-22 13:24:57,426 INFO     ___FILE_ONLY___ ═
2024-04-22 13:24:57,461 INFO     ___FILE_ONLY___ ═
2024-04-22 13:24:57,496 INFO     ___FILE_ONLY___ ═
2024-04-22 13:24:57,528 INFO     ___FILE_ONLY___ ═
2024-04-22 13:24:57,562 INFO     ___FILE_ONLY___ ═
2024-04-22 13:24:57,597 INFO     ___FILE_ONLY___ ═
2024-04-22 13:24:57,648 INFO     ___FILE_ONLY___ ═
2024-04-22 13:24:57,731 INFO     ___FILE_ONLY___ ═
2024-04-22 13:24:57,833 INFO     ___FILE_ONLY___ ═
2024-04-22 13:24:57,896 INFO     ___FILE_ONLY___ ═
2024-04-22 13:24:57,955 INFO     ___FILE_ONLY___ ═
2024-04-22 13:24:58,016 INFO     ___FILE_ONLY___ ═
2024-04-22 13:24:58,073 INFO     ___FILE_ONLY___ ═
2024-04-22 13:24:58,124 INFO     ___FILE_ONLY___ ═
2024-04-22 13:24:58,179 INFO     ___FILE_ONLY___ ═
2024-04-22 13:24:58,235 INFO     ___FILE_ONLY___ ═
2024-04-22 13:24:58,295 INFO     ___FILE_ONLY___ ═
2024-04-22 13:24:58,350 INFO     ___FILE_ONLY___ ═
2024-04-22 13:24:58,406 INFO     ___FILE_ONLY___ ═
2024-04-22 13:24:58,473 INFO     ___FILE_ONLY___ ═
2024-04-22 13:24:58,537 INFO     ___FILE_ONLY___ ═
2024-04-22 13:24:58,609 INFO     ___FILE_ONLY___ ═
2024-04-22 13:24:58,684 INFO     ___FILE_ONLY___ ═
2024-04-22 13:24:58,747 INFO     ___FILE_ONLY___ ═
2024-04-22 13:24:58,803 INFO     ___FILE_ONLY___ ═
2024-04-22 13:24:58,863 INFO     ___FILE_ONLY___ ═
2024-04-22 13:24:58,917 INFO     ___FILE_ONLY___ ═
2024-04-22 13:24:58,965 INFO     ___FILE_ONLY___ ═
2024-04-22 13:24:59,008 INFO     ___FILE_ONLY___ ═
2024-04-22 13:24:59,066 INFO     ___FILE_ONLY___ ═
2024-04-22 13:24:59,119 INFO     ___FILE_ONLY___ ═
2024-04-22 13:24:59,170 INFO     ___FILE_ONLY___ ═
2024-04-22 13:24:59,217 INFO     ___FILE_ONLY___ ═
2024-04-22 13:24:59,268 INFO     ___FILE_ONLY___ ═
2024-04-22 13:24:59,318 INFO     ___FILE_ONLY___ ═
2024-04-22 13:24:59,384 INFO     ___FILE_ONLY___ ═
2024-04-22 13:24:59,527 INFO     ___FILE_ONLY___ ═
2024-04-22 13:24:59,577 INFO     ___FILE_ONLY___ ═
2024-04-22 13:24:59,631 INFO     ___FILE_ONLY___ ═
2024-04-22 13:24:59,631 INFO     ___FILE_ONLY___ ╝

2024-04-22 13:24:59,714 INFO     ___FILE_ONLY___ ╔════════════════════════════════════════════════════════════╗

2024-04-22 13:24:59,714 INFO     ___FILE_ONLY___ ╠═ Installing: BigQuery Command Line Tool                   ═╣

2024-04-22 13:24:59,714 INFO     ___FILE_ONLY___ ╚
2024-04-22 13:24:59,718 DEBUG    urllib3.connectionpool Starting new HTTPS connection (1): dl.google.com:443
2024-04-22 13:24:59,776 DEBUG    urllib3.connectionpool https://dl.google.com:443 "GET /dl/cloudsdk/channels/rapid/components/google-cloud-sdk-bq-20240412130805.tar.gz HTTP/1.1" 200 1746678
2024-04-22 13:24:59,786 INFO     ___FILE_ONLY___ ═
2024-04-22 13:24:59,786 INFO     ___FILE_ONLY___ ═
2024-04-22 13:24:59,786 INFO     ___FILE_ONLY___ ═
2024-04-22 13:24:59,786 INFO     ___FILE_ONLY___ ═
2024-04-22 13:24:59,786 INFO     ___FILE_ONLY___ ═
2024-04-22 13:24:59,787 INFO     ___FILE_ONLY___ ═
2024-04-22 13:24:59,787 INFO     ___FILE_ONLY___ ═
2024-04-22 13:24:59,787 INFO     ___FILE_ONLY___ ═
2024-04-22 13:24:59,787 INFO     ___FILE_ONLY___ ═
2024-04-22 13:24:59,787 INFO     ___FILE_ONLY___ ═
2024-04-22 13:24:59,787 INFO     ___FILE_ONLY___ ═
2024-04-22 13:24:59,787 INFO     ___FILE_ONLY___ ═
2024-04-22 13:24:59,788 INFO     ___FILE_ONLY___ ═
2024-04-22 13:24:59,788 INFO     ___FILE_ONLY___ ═
2024-04-22 13:24:59,788 INFO     ___FILE_ONLY___ ═
2024-04-22 13:24:59,788 INFO     ___FILE_ONLY___ ═
2024-04-22 13:24:59,788 INFO     ___FILE_ONLY___ ═
2024-04-22 13:24:59,788 INFO     ___FILE_ONLY___ ═
2024-04-22 13:24:59,788 INFO     ___FILE_ONLY___ ═
2024-04-22 13:24:59,789 INFO     ___FILE_ONLY___ ═
2024-04-22 13:24:59,789 INFO     ___FILE_ONLY___ ═
2024-04-22 13:24:59,789 INFO     ___FILE_ONLY___ ═
2024-04-22 13:24:59,789 INFO     ___FILE_ONLY___ ═
2024-04-22 13:24:59,789 INFO     ___FILE_ONLY___ ═
2024-04-22 13:24:59,789 INFO     ___FILE_ONLY___ ═
2024-04-22 13:24:59,789 INFO     ___FILE_ONLY___ ═
2024-04-22 13:24:59,790 INFO     ___FILE_ONLY___ ═
2024-04-22 13:24:59,790 INFO     ___FILE_ONLY___ ═
2024-04-22 13:24:59,790 INFO     ___FILE_ONLY___ ═
2024-04-22 13:24:59,790 INFO     ___FILE_ONLY___ ═
2024-04-22 13:24:59,913 INFO     ___FILE_ONLY___ ═
2024-04-22 13:24:59,918 INFO     ___FILE_ONLY___ ═
2024-04-22 13:24:59,922 INFO     ___FILE_ONLY___ ═
2024-04-22 13:24:59,926 INFO     ___FILE_ONLY___ ═
2024-04-22 13:24:59,930 INFO     ___FILE_ONLY___ ═
2024-04-22 13:24:59,934 INFO     ___FILE_ONLY___ ═
2024-04-22 13:24:59,938 INFO     ___FILE_ONLY___ ═
2024-04-22 13:24:59,942 INFO     ___FILE_ONLY___ ═
2024-04-22 13:24:59,947 INFO     ___FILE_ONLY___ ═
2024-04-22 13:24:59,951 INFO     ___FILE_ONLY___ ═
2024-04-22 13:24:59,955 INFO     ___FILE_ONLY___ ═
2024-04-22 13:24:59,958 INFO     ___FILE_ONLY___ ═
2024-04-22 13:24:59,962 INFO     ___FILE_ONLY___ ═
2024-04-22 13:24:59,967 INFO     ___FILE_ONLY___ ═
2024-04-22 13:24:59,971 INFO     ___FILE_ONLY___ ═
2024-04-22 13:24:59,975 INFO     ___FILE_ONLY___ ═
2024-04-22 13:24:59,980 INFO     ___FILE_ONLY___ ═
2024-04-22 13:24:59,984 INFO     ___FILE_ONLY___ ═
2024-04-22 13:24:59,991 INFO     ___FILE_ONLY___ ═
2024-04-22 13:24:59,995 INFO     ___FILE_ONLY___ ═
2024-04-22 13:25:00,001 INFO     ___FILE_ONLY___ ═
2024-04-22 13:25:00,006 INFO     ___FILE_ONLY___ ═
2024-04-22 13:25:00,010 INFO     ___FILE_ONLY___ ═
2024-04-22 13:25:00,014 INFO     ___FILE_ONLY___ ═
2024-04-22 13:25:00,018 INFO     ___FILE_ONLY___ ═
2024-04-22 13:25:00,021 INFO     ___FILE_ONLY___ ═
2024-04-22 13:25:00,026 INFO     ___FILE_ONLY___ ═
2024-04-22 13:25:00,029 INFO     ___FILE_ONLY___ ═
2024-04-22 13:25:00,033 INFO     ___FILE_ONLY___ ═
2024-04-22 13:25:00,037 INFO     ___FILE_ONLY___ ═
2024-04-22 13:25:00,037 INFO     ___FILE_ONLY___ ╝

2024-04-22 13:25:00,053 INFO     ___FILE_ONLY___ ╔════════════════════════════════════════════════════════════╗

2024-04-22 13:25:00,053 INFO     ___FILE_ONLY___ ╠═ Installing: BigQuery Command Line Tool (Platform Spec... ═╣

2024-04-22 13:25:00,053 INFO     ___FILE_ONLY___ ╚
2024-04-22 13:25:00,057 DEBUG    urllib3.connectionpool Starting new HTTPS connection (1): dl.google.com:443
2024-04-22 13:25:00,109 DEBUG    urllib3.connectionpool https://dl.google.com:443 "GET /dl/cloudsdk/channels/rapid/components/google-cloud-sdk-bq-nix-20240106004423.tar.gz HTTP/1.1" 200 2026
2024-04-22 13:25:00,110 INFO     ___FILE_ONLY___ ══════════════════════════════
2024-04-22 13:25:00,111 INFO     ___FILE_ONLY___ ══════════════════════════════
2024-04-22 13:25:00,111 INFO     ___FILE_ONLY___ ╝

2024-04-22 13:25:00,119 INFO     ___FILE_ONLY___ ╔════════════════════════════════════════════════════════════╗

2024-04-22 13:25:00,119 INFO     ___FILE_ONLY___ ╠═ Installing: Bundled Python 3.11                          ═╣

2024-04-22 13:25:00,119 INFO     ___FILE_ONLY___ ╚
2024-04-22 13:25:00,123 DEBUG    urllib3.connectionpool Starting new HTTPS connection (1): dl.google.com:443
2024-04-22 13:25:00,177 DEBUG    urllib3.connectionpool https://dl.google.com:443 "GET /dl/cloudsdk/channels/rapid/components/google-cloud-sdk-bundled-python3-unix-linux-x86_64-20240229170130.tar.gz HTTP/1.1" 200 78486918
2024-04-22 13:25:00,456 INFO     ___FILE_ONLY___ ═
2024-04-22 13:25:00,459 INFO     ___FILE_ONLY___ ═
2024-04-22 13:25:00,462 INFO     ___FILE_ONLY___ ═
2024-04-22 13:25:00,465 INFO     ___FILE_ONLY___ ═
2024-04-22 13:25:00,468 INFO     ___FILE_ONLY___ ═
2024-04-22 13:25:00,471 INFO     ___FILE_ONLY___ ═
2024-04-22 13:25:00,474 INFO     ___FILE_ONLY___ ═
2024-04-22 13:25:00,477 INFO     ___FILE_ONLY___ ═
2024-04-22 13:25:00,480 INFO     ___FILE_ONLY___ ═
2024-04-22 13:25:00,483 INFO     ___FILE_ONLY___ ═
2024-04-22 13:25:00,486 INFO     ___FILE_ONLY___ ═
2024-04-22 13:25:00,489 INFO     ___FILE_ONLY___ ═
2024-04-22 13:25:00,493 INFO     ___FILE_ONLY___ ═
2024-04-22 13:25:00,496 INFO     ___FILE_ONLY___ ═
2024-04-22 13:25:00,499 INFO     ___FILE_ONLY___ ═
2024-04-22 13:25:00,502 INFO     ___FILE_ONLY___ ═
2024-04-22 13:25:00,505 INFO     ___FILE_ONLY___ ═
2024-04-22 13:25:00,508 INFO     ___FILE_ONLY___ ═
2024-04-22 13:25:00,511 INFO     ___FILE_ONLY___ ═
2024-04-22 13:25:00,514 INFO     ___FILE_ONLY___ ═
2024-04-22 13:25:00,517 INFO     ___FILE_ONLY___ ═
2024-04-22 13:25:00,520 INFO     ___FILE_ONLY___ ═
2024-04-22 13:25:00,523 INFO     ___FILE_ONLY___ ═
2024-04-22 13:25:00,526 INFO     ___FILE_ONLY___ ═
2024-04-22 13:25:00,529 INFO     ___FILE_ONLY___ ═
2024-04-22 13:25:00,532 INFO     ___FILE_ONLY___ ═
2024-04-22 13:25:00,535 INFO     ___FILE_ONLY___ ═
2024-04-22 13:25:00,538 INFO     ___FILE_ONLY___ ═
2024-04-22 13:25:00,541 INFO     ___FILE_ONLY___ ═
2024-04-22 13:25:00,545 INFO     ___FILE_ONLY___ ═
2024-04-22 13:25:02,631 INFO     ___FILE_ONLY___ ═
2024-04-22 13:25:02,657 INFO     ___FILE_ONLY___ ═
2024-04-22 13:25:02,683 INFO     ___FILE_ONLY___ ═
2024-04-22 13:25:02,708 INFO     ___FILE_ONLY___ ═
2024-04-22 13:25:02,733 INFO     ___FILE_ONLY___ ═
2024-04-22 13:25:02,758 INFO     ___FILE_ONLY___ ═
2024-04-22 13:25:02,783 INFO     ___FILE_ONLY___ ═
2024-04-22 13:25:02,807 INFO     ___FILE_ONLY___ ═
2024-04-22 13:25:02,833 INFO     ___FILE_ONLY___ ═
2024-04-22 13:25:02,857 INFO     ___FILE_ONLY___ ═
2024-04-22 13:25:02,883 INFO     ___FILE_ONLY___ ═
2024-04-22 13:25:02,908 INFO     ___FILE_ONLY___ ═
2024-04-22 13:25:02,934 INFO     ___FILE_ONLY___ ═
2024-04-22 13:25:02,960 INFO     ___FILE_ONLY___ ═
2024-04-22 13:25:02,986 INFO     ___FILE_ONLY___ ═
2024-04-22 13:25:03,013 INFO     ___FILE_ONLY___ ═
2024-04-22 13:25:03,041 INFO     ___FILE_ONLY___ ═
2024-04-22 13:25:03,405 INFO     ___FILE_ONLY___ ═
2024-04-22 13:25:03,440 INFO     ___FILE_ONLY___ ═
2024-04-22 13:25:03,488 INFO     ___FILE_ONLY___ ═
2024-04-22 13:25:03,525 INFO     ___FILE_ONLY___ ═
2024-04-22 13:25:03,704 INFO     ___FILE_ONLY___ ═
2024-04-22 13:25:03,835 INFO     ___FILE_ONLY___ ═
2024-04-22 13:25:03,873 INFO     ___FILE_ONLY___ ═
2024-04-22 13:25:03,912 INFO     ___FILE_ONLY___ ═
2024-04-22 13:25:03,981 INFO     ___FILE_ONLY___ ═
2024-04-22 13:25:04,016 INFO     ___FILE_ONLY___ ═
2024-04-22 13:25:04,058 INFO     ___FILE_ONLY___ ═
2024-04-22 13:25:05,084 INFO     ___FILE_ONLY___ ═
2024-04-22 13:25:05,113 INFO     ___FILE_ONLY___ ═
2024-04-22 13:25:05,113 INFO     ___FILE_ONLY___ ╝

2024-04-22 13:25:05,216 INFO     ___FILE_ONLY___ ╔════════════════════════════════════════════════════════════╗

2024-04-22 13:25:05,216 INFO     ___FILE_ONLY___ ╠═ Installing: Bundled Python 3.11                          ═╣

2024-04-22 13:25:05,216 INFO     ___FILE_ONLY___ ╚
2024-04-22 13:25:05,221 INFO     ___FILE_ONLY___ ════════════════════════════════════════════════════════════
2024-04-22 13:25:05,221 INFO     ___FILE_ONLY___ ╝

2024-04-22 13:25:05,223 INFO     ___FILE_ONLY___ ╔════════════════════════════════════════════════════════════╗

2024-04-22 13:25:05,223 INFO     ___FILE_ONLY___ ╠═ Installing: Cloud Storage Command Line Tool              ═╣

2024-04-22 13:25:05,223 INFO     ___FILE_ONLY___ ╚
2024-04-22 13:25:05,227 DEBUG    urllib3.connectionpool Starting new HTTPS connection (1): dl.google.com:443
2024-04-22 13:25:05,280 DEBUG    urllib3.connectionpool https://dl.google.com:443 "GET /dl/cloudsdk/channels/rapid/components/google-cloud-sdk-gsutil-20231025210228.tar.gz HTTP/1.1" 200 11833901
2024-04-22 13:25:05,324 INFO     ___FILE_ONLY___ ═
2024-04-22 13:25:05,325 INFO     ___FILE_ONLY___ ═
2024-04-22 13:25:05,325 INFO     ___FILE_ONLY___ ═
2024-04-22 13:25:05,326 INFO     ___FILE_ONLY___ ═
2024-04-22 13:25:05,326 INFO     ___FILE_ONLY___ ═
2024-04-22 13:25:05,327 INFO     ___FILE_ONLY___ ═
2024-04-22 13:25:05,327 INFO     ___FILE_ONLY___ ═
2024-04-22 13:25:05,328 INFO     ___FILE_ONLY___ ═
2024-04-22 13:25:05,328 INFO     ___FILE_ONLY___ ═
2024-04-22 13:25:05,329 INFO     ___FILE_ONLY___ ═
2024-04-22 13:25:05,330 INFO     ___FILE_ONLY___ ═
2024-04-22 13:25:05,330 INFO     ___FILE_ONLY___ ═
2024-04-22 13:25:05,331 INFO     ___FILE_ONLY___ ═
2024-04-22 13:25:05,331 INFO     ___FILE_ONLY___ ═
2024-04-22 13:25:05,332 INFO     ___FILE_ONLY___ ═
2024-04-22 13:25:05,332 INFO     ___FILE_ONLY___ ═
2024-04-22 13:25:05,333 INFO     ___FILE_ONLY___ ═
2024-04-22 13:25:05,333 INFO     ___FILE_ONLY___ ═
2024-04-22 13:25:05,334 INFO     ___FILE_ONLY___ ═
2024-04-22 13:25:05,335 INFO     ___FILE_ONLY___ ═
2024-04-22 13:25:05,335 INFO     ___FILE_ONLY___ ═
2024-04-22 13:25:05,336 INFO     ___FILE_ONLY___ ═
2024-04-22 13:25:05,336 INFO     ___FILE_ONLY___ ═
2024-04-22 13:25:05,337 INFO     ___FILE_ONLY___ ═
2024-04-22 13:25:05,337 INFO     ___FILE_ONLY___ ═
2024-04-22 13:25:05,338 INFO     ___FILE_ONLY___ ═
2024-04-22 13:25:05,338 INFO     ___FILE_ONLY___ ═
2024-04-22 13:25:05,339 INFO     ___FILE_ONLY___ ═
2024-04-22 13:25:05,339 INFO     ___FILE_ONLY___ ═
2024-04-22 13:25:05,340 INFO     ___FILE_ONLY___ ═
2024-04-22 13:25:06,021 INFO     ___FILE_ONLY___ ═
2024-04-22 13:25:06,054 INFO     ___FILE_ONLY___ ═
2024-04-22 13:25:06,081 INFO     ___FILE_ONLY___ ═
2024-04-22 13:25:06,107 INFO     ___FILE_ONLY___ ═
2024-04-22 13:25:06,131 INFO     ___FILE_ONLY___ ═
2024-04-22 13:25:06,157 INFO     ___FILE_ONLY___ ═
2024-04-22 13:25:06,176 INFO     ___FILE_ONLY___ ═
2024-04-22 13:25:06,193 INFO     ___FILE_ONLY___ ═
2024-04-22 13:25:06,214 INFO     ___FILE_ONLY___ ═
2024-04-22 13:25:06,233 INFO     ___FILE_ONLY___ ═
2024-04-22 13:25:06,253 INFO     ___FILE_ONLY___ ═
2024-04-22 13:25:06,272 INFO     ___FILE_ONLY___ ═
2024-04-22 13:25:06,301 INFO     ___FILE_ONLY___ ═
2024-04-22 13:25:06,321 INFO     ___FILE_ONLY___ ═
2024-04-22 13:25:06,352 INFO     ___FILE_ONLY___ ═
2024-04-22 13:25:06,382 INFO     ___FILE_ONLY___ ═
2024-04-22 13:25:06,414 INFO     ___FILE_ONLY___ ═
2024-04-22 13:25:06,445 INFO     ___FILE_ONLY___ ═
2024-04-22 13:25:06,466 INFO     ___FILE_ONLY___ ═
2024-04-22 13:25:06,490 INFO     ___FILE_ONLY___ ═
2024-04-22 13:25:06,513 INFO     ___FILE_ONLY___ ═
2024-04-22 13:25:06,537 INFO     ___FILE_ONLY___ ═
2024-04-22 13:25:06,561 INFO     ___FILE_ONLY___ ═
2024-04-22 13:25:06,586 INFO     ___FILE_ONLY___ ═
2024-04-22 13:25:06,607 INFO     ___FILE_ONLY___ ═
2024-04-22 13:25:06,653 INFO     ___FILE_ONLY___ ═
2024-04-22 13:25:06,681 INFO     ___FILE_ONLY___ ═
2024-04-22 13:25:06,706 INFO     ___FILE_ONLY___ ═
2024-04-22 13:25:06,733 INFO     ___FILE_ONLY___ ═
2024-04-22 13:25:06,754 INFO     ___FILE_ONLY___ ═
2024-04-22 13:25:06,754 INFO     ___FILE_ONLY___ ╝

2024-04-22 13:25:06,825 INFO     ___FILE_ONLY___ ╔════════════════════════════════════════════════════════════╗

2024-04-22 13:25:06,825 INFO     ___FILE_ONLY___ ╠═ Installing: Cloud Storage Command Line Tool (Platform... ═╣

2024-04-22 13:25:06,825 INFO     ___FILE_ONLY___ ╚
2024-04-22 13:25:06,829 DEBUG    urllib3.connectionpool Starting new HTTPS connection (1): dl.google.com:443
2024-04-22 13:25:06,881 DEBUG    urllib3.connectionpool https://dl.google.com:443 "GET /dl/cloudsdk/channels/rapid/components/google-cloud-sdk-gsutil-nix-20240106004423.tar.gz HTTP/1.1" 200 2042
2024-04-22 13:25:06,881 INFO     ___FILE_ONLY___ ══════════════════════════════
2024-04-22 13:25:06,882 INFO     ___FILE_ONLY___ ══════════════════════════════
2024-04-22 13:25:06,882 INFO     ___FILE_ONLY___ ╝

2024-04-22 13:25:06,890 INFO     ___FILE_ONLY___ ╔════════════════════════════════════════════════════════════╗

2024-04-22 13:25:06,890 INFO     ___FILE_ONLY___ ╠═ Installing: Default set of gcloud commands               ═╣

2024-04-22 13:25:06,890 INFO     ___FILE_ONLY___ ╚
2024-04-22 13:25:06,895 INFO     ___FILE_ONLY___ ════════════════════════════════════════════════════════════
2024-04-22 13:25:06,895 INFO     ___FILE_ONLY___ ╝

2024-04-22 13:25:06,897 INFO     ___FILE_ONLY___ ╔════════════════════════════════════════════════════════════╗

2024-04-22 13:25:06,897 INFO     ___FILE_ONLY___ ╠═ Installing: Google Cloud CLI Core Libraries (Platform... ═╣

2024-04-22 13:25:06,897 INFO     ___FILE_ONLY___ ╚
2024-04-22 13:25:06,900 DEBUG    urllib3.connectionpool Starting new HTTPS connection (1): dl.google.com:443
2024-04-22 13:25:06,954 DEBUG    urllib3.connectionpool https://dl.google.com:443 "GET /dl/cloudsdk/channels/rapid/components/google-cloud-sdk-core-nix-20240106004423.tar.gz HTTP/1.1" 200 2410
2024-04-22 13:25:06,955 INFO     ___FILE_ONLY___ ══════════════════════════════
2024-04-22 13:25:06,956 INFO     ___FILE_ONLY___ ═══════════════
2024-04-22 13:25:06,956 INFO     ___FILE_ONLY___ ═══════════════
2024-04-22 13:25:06,956 INFO     ___FILE_ONLY___ ╝

2024-04-22 13:25:06,964 INFO     ___FILE_ONLY___ ╔════════════════════════════════════════════════════════════╗

2024-04-22 13:25:06,964 INFO     ___FILE_ONLY___ ╠═ Installing: Google Cloud CRC32C Hash Tool                ═╣

2024-04-22 13:25:06,964 INFO     ___FILE_ONLY___ ╚
2024-04-22 13:25:06,969 INFO     ___FILE_ONLY___ ════════════════════════════════════════════════════════════
2024-04-22 13:25:06,970 INFO     ___FILE_ONLY___ ╝

2024-04-22 13:25:06,971 INFO     ___FILE_ONLY___ ╔════════════════════════════════════════════════════════════╗

2024-04-22 13:25:06,971 INFO     ___FILE_ONLY___ ╠═ Installing: Google Cloud CRC32C Hash Tool                ═╣

2024-04-22 13:25:06,971 INFO     ___FILE_ONLY___ ╚
2024-04-22 13:25:06,975 DEBUG    urllib3.connectionpool Starting new HTTPS connection (1): dl.google.com:443
2024-04-22 13:25:07,072 DEBUG    urllib3.connectionpool https://dl.google.com:443 "GET /dl/cloudsdk/channels/rapid/components/google-cloud-sdk-gcloud-crc32c-linux-x86_64-20231215195722.tar.gz HTTP/1.1" 200 1287877
2024-04-22 13:25:07,081 INFO     ___FILE_ONLY___ ═
2024-04-22 13:25:07,081 INFO     ___FILE_ONLY___ ═
2024-04-22 13:25:07,081 INFO     ___FILE_ONLY___ ═
2024-04-22 13:25:07,081 INFO     ___FILE_ONLY___ ═
2024-04-22 13:25:07,082 INFO     ___FILE_ONLY___ ═
2024-04-22 13:25:07,082 INFO     ___FILE_ONLY___ ═
2024-04-22 13:25:07,082 INFO     ___FILE_ONLY___ ═
2024-04-22 13:25:07,082 INFO     ___FILE_ONLY___ ═
2024-04-22 13:25:07,082 INFO     ___FILE_ONLY___ ═
2024-04-22 13:25:07,082 INFO     ___FILE_ONLY___ ═
2024-04-22 13:25:07,082 INFO     ___FILE_ONLY___ ═
2024-04-22 13:25:07,083 INFO     ___FILE_ONLY___ ═
2024-04-22 13:25:07,083 INFO     ___FILE_ONLY___ ═
2024-04-22 13:25:07,083 INFO     ___FILE_ONLY___ ═
2024-04-22 13:25:07,083 INFO     ___FILE_ONLY___ ═
2024-04-22 13:25:07,083 INFO     ___FILE_ONLY___ ═
2024-04-22 13:25:07,083 INFO     ___FILE_ONLY___ ═
2024-04-22 13:25:07,083 INFO     ___FILE_ONLY___ ═
2024-04-22 13:25:07,083 INFO     ___FILE_ONLY___ ═
2024-04-22 13:25:07,084 INFO     ___FILE_ONLY___ ═
2024-04-22 13:25:07,084 INFO     ___FILE_ONLY___ ═
2024-04-22 13:25:07,084 INFO     ___FILE_ONLY___ ═
2024-04-22 13:25:07,084 INFO     ___FILE_ONLY___ ═
2024-04-22 13:25:07,084 INFO     ___FILE_ONLY___ ═
2024-04-22 13:25:07,084 INFO     ___FILE_ONLY___ ═
2024-04-22 13:25:07,084 INFO     ___FILE_ONLY___ ═
2024-04-22 13:25:07,084 INFO     ___FILE_ONLY___ ═
2024-04-22 13:25:07,085 INFO     ___FILE_ONLY___ ═
2024-04-22 13:25:07,085 INFO     ___FILE_ONLY___ ═
2024-04-22 13:25:07,085 INFO     ___FILE_ONLY___ ═
2024-04-22 13:25:07,116 INFO     ___FILE_ONLY___ ═══════════════
2024-04-22 13:25:07,116 INFO     ___FILE_ONLY___ ═══════════════
2024-04-22 13:25:07,116 INFO     ___FILE_ONLY___ ╝

2024-04-22 13:25:07,125 INFO     ___FILE_ONLY___ ╔════════════════════════════════════════════════════════════╗

2024-04-22 13:25:07,125 INFO     ___FILE_ONLY___ ╠═ Installing: anthoscli                                    ═╣

2024-04-22 13:25:07,125 INFO     ___FILE_ONLY___ ╚
2024-04-22 13:25:07,130 INFO     ___FILE_ONLY___ ════════════════════════════════════════════════════════════
2024-04-22 13:25:07,130 INFO     ___FILE_ONLY___ ╝

2024-04-22 13:25:07,132 INFO     ___FILE_ONLY___ ╔════════════════════════════════════════════════════════════╗

2024-04-22 13:25:07,132 INFO     ___FILE_ONLY___ ╠═ Installing: anthoscli                                    ═╣

2024-04-22 13:25:07,132 INFO     ___FILE_ONLY___ ╚
2024-04-22 13:25:07,136 DEBUG    urllib3.connectionpool Starting new HTTPS connection (1): dl.google.com:443
2024-04-22 13:25:07,189 DEBUG    urllib3.connectionpool https://dl.google.com:443 "GET /dl/cloudsdk/channels/rapid/components/google-cloud-sdk-anthoscli-linux-x86_64-20240209195330.tar.gz HTTP/1.1" 200 72231225
2024-04-22 13:25:07,439 INFO     ___FILE_ONLY___ ═
2024-04-22 13:25:07,442 INFO     ___FILE_ONLY___ ═
2024-04-22 13:25:07,445 INFO     ___FILE_ONLY___ ═
2024-04-22 13:25:07,448 INFO     ___FILE_ONLY___ ═
2024-04-22 13:25:07,451 INFO     ___FILE_ONLY___ ═
2024-04-22 13:25:07,454 INFO     ___FILE_ONLY___ ═
2024-04-22 13:25:07,456 INFO     ___FILE_ONLY___ ═
2024-04-22 13:25:07,460 INFO     ___FILE_ONLY___ ═
2024-04-22 13:25:07,463 INFO     ___FILE_ONLY___ ═
2024-04-22 13:25:07,466 INFO     ___FILE_ONLY___ ═
2024-04-22 13:25:07,468 INFO     ___FILE_ONLY___ ═
2024-04-22 13:25:07,471 INFO     ___FILE_ONLY___ ═
2024-04-22 13:25:07,474 INFO     ___FILE_ONLY___ ═
2024-04-22 13:25:07,477 INFO     ___FILE_ONLY___ ═
2024-04-22 13:25:07,479 INFO     ___FILE_ONLY___ ═
2024-04-22 13:25:07,482 INFO     ___FILE_ONLY___ ═
2024-04-22 13:25:07,485 INFO     ___FILE_ONLY___ ═
2024-04-22 13:25:07,488 INFO     ___FILE_ONLY___ ═
2024-04-22 13:25:07,491 INFO     ___FILE_ONLY___ ═
2024-04-22 13:25:07,494 INFO     ___FILE_ONLY___ ═
2024-04-22 13:25:07,497 INFO     ___FILE_ONLY___ ═
2024-04-22 13:25:07,499 INFO     ___FILE_ONLY___ ═
2024-04-22 13:25:07,502 INFO     ___FILE_ONLY___ ═
2024-04-22 13:25:07,505 INFO     ___FILE_ONLY___ ═
2024-04-22 13:25:07,508 INFO     ___FILE_ONLY___ ═
2024-04-22 13:25:07,511 INFO     ___FILE_ONLY___ ═
2024-04-22 13:25:07,514 INFO     ___FILE_ONLY___ ═
2024-04-22 13:25:07,517 INFO     ___FILE_ONLY___ ═
2024-04-22 13:25:07,520 INFO     ___FILE_ONLY___ ═
2024-04-22 13:25:07,523 INFO     ___FILE_ONLY___ ═
2024-04-22 13:25:09,550 INFO     ___FILE_ONLY___ ══════════
2024-04-22 13:25:09,555 INFO     ___FILE_ONLY___ ═════════
2024-04-22 13:25:09,579 INFO     ___FILE_ONLY___ ═══════════
2024-04-22 13:25:09,579 INFO     ___FILE_ONLY___ ╝

2024-04-22 13:25:09,600 INFO     ___FILE_ONLY___ ╔════════════════════════════════════════════════════════════╗

2024-04-22 13:25:09,600 INFO     ___FILE_ONLY___ ╠═ Installing: gcloud cli dependencies                      ═╣

2024-04-22 13:25:09,600 INFO     ___FILE_ONLY___ ╚
2024-04-22 13:25:09,604 DEBUG    urllib3.connectionpool Starting new HTTPS connection (1): dl.google.com:443
2024-04-22 13:25:09,657 DEBUG    urllib3.connectionpool https://dl.google.com:443 "GET /dl/cloudsdk/channels/rapid/components/google-cloud-sdk-gcloud-deps-linux-x86_64-20210416153011.tar.gz HTTP/1.1" 200 104
2024-04-22 13:25:09,657 INFO     ___FILE_ONLY___ ══════════════════════════════
2024-04-22 13:25:09,658 INFO     ___FILE_ONLY___ ══════════════════════════════
2024-04-22 13:25:09,658 INFO     ___FILE_ONLY___ ╝

2024-04-22 13:25:09,666 INFO     ___FILE_ONLY___ ╔════════════════════════════════════════════════════════════╗

2024-04-22 13:25:09,666 INFO     ___FILE_ONLY___ ╠═ Creating backup and activating new installation          ═╣

2024-04-22 13:25:09,666 INFO     ___FILE_ONLY___ ╚
2024-04-22 13:25:09,666 DEBUG    root            Attempting to move directory [/tools/google-cloud-sdk] to [/tools/google-cloud-sdk.staging/.install/.backup]
2024-04-22 13:25:09,667 INFO     ___FILE_ONLY___ ══════════════════════════════
2024-04-22 13:25:09,667 DEBUG    root            Attempting to move directory [/tools/google-cloud-sdk.staging] to [/tools/google-cloud-sdk]
2024-04-22 13:25:09,667 INFO     ___FILE_ONLY___ ══════════════════════════════
2024-04-22 13:25:09,667 INFO     ___FILE_ONLY___ ╝

2024-04-22 13:25:09,671 DEBUG    root            Updating notification cache...
2024-04-22 13:25:09,671 INFO     ___FILE_ONLY___ 

2024-04-22 13:25:09,673 INFO     ___FILE_ONLY___ Performing post processing steps...
2024-04-22 13:25:09,673 DEBUG    root            Executing command: ['/tools/google-cloud-sdk/bin/gcloud', 'components', 'post-process']
2024-04-22 13:25:19,607 DEBUG    ___FILE_ONLY___ 
2024-04-22 13:25:19,607 DEBUG    ___FILE_ONLY___ 
2024-04-22 13:25:19,689 INFO     ___FILE_ONLY___ 
Update done!


2024-04-22 13:25:19,693 DEBUG    root            Chosen display Format:none
2024-04-22 13:25:19,693 INFO     root            Display format: "none"
